2
relu
one
Building MLP model...

here1
here2
here3
here4
_________________________________________________________________
Layer (type)                 Output Shape              Param #   
=================================================================
first (Reshape)              (None, 3072)              0         
_________________________________________________________________
second (Dense)               (None, 2048)              6293504   
_________________________________________________________________
dense_1 (Dense)              (None, 8)                 16392     
=================================================================
Total params: 6,309,896
Trainable params: 6,309,896
Non-trainable params: 0
_________________________________________________________________
None
Done!

Start training...

Found 1881 images belonging to 8 classes.
Found 807 images belonging to 8 classes.
Epoch 1/50

  1/117 [..............................] - ETA: 13:17 - loss: 2.1215 - acc: 0.0625
 11/117 [=>............................] - ETA: 1:06 - loss: 2.1282 - acc: 0.1761 
 13/117 [==>...........................] - ETA: 55s - loss: 2.1396 - acc: 0.1683 
 14/117 [==>...........................] - ETA: 51s - loss: 2.1301 - acc: 0.1830
 15/117 [==>...........................] - ETA: 48s - loss: 2.1164 - acc: 0.1792
 16/117 [===>..........................] - ETA: 45s - loss: 2.1110 - acc: 0.1719
 17/117 [===>..........................] - ETA: 42s - loss: 2.1042 - acc: 0.1801
 18/117 [===>..........................] - ETA: 40s - loss: 2.1103 - acc: 0.1806
 19/117 [===>..........................] - ETA: 38s - loss: 2.0972 - acc: 0.1809
 20/117 [====>.........................] - ETA: 36s - loss: 2.0944 - acc: 0.1875
 21/117 [====>.........................] - ETA: 34s - loss: 2.0997 - acc: 0.1875
 22/117 [====>.........................] - ETA: 32s - loss: 2.0687 - acc: 0.1932
 23/117 [====>.........................] - ETA: 31s - loss: 2.0825 - acc: 0.1875
 24/117 [=====>........................] - ETA: 29s - loss: 2.0843 - acc: 0.1875
 25/117 [=====>........................] - ETA: 28s - loss: 2.0934 - acc: 0.1975
 26/117 [=====>........................] - ETA: 27s - loss: 2.0839 - acc: 0.2043
 27/117 [=====>........................] - ETA: 26s - loss: 2.0943 - acc: 0.1991
 28/117 [======>.......................] - ETA: 25s - loss: 2.0878 - acc: 0.2009
 29/117 [======>.......................] - ETA: 24s - loss: 2.0923 - acc: 0.1983
 30/117 [======>.......................] - ETA: 23s - loss: 2.0868 - acc: 0.1938
 31/117 [======>.......................] - ETA: 22s - loss: 2.0809 - acc: 0.1956
 33/117 [=======>......................] - ETA: 20s - loss: 2.0802 - acc: 0.1894
 35/117 [=======>......................] - ETA: 19s - loss: 2.0792 - acc: 0.1893
 37/117 [========>.....................] - ETA: 18s - loss: 2.0612 - acc: 0.1959
 38/117 [========>.....................] - ETA: 17s - loss: 2.0586 - acc: 0.1957
 40/117 [=========>....................] - ETA: 16s - loss: 2.0557 - acc: 0.1938
 42/117 [=========>....................] - ETA: 15s - loss: 2.0546 - acc: 0.1920
 44/117 [==========>...................] - ETA: 14s - loss: 2.0578 - acc: 0.1932
 46/117 [==========>...................] - ETA: 13s - loss: 2.0570 - acc: 0.1957
 48/117 [===========>..................] - ETA: 12s - loss: 2.0631 - acc: 0.1953
 49/117 [===========>..................] - ETA: 12s - loss: 2.0590 - acc: 0.1964
 50/117 [===========>..................] - ETA: 12s - loss: 2.0576 - acc: 0.1963
 52/117 [============>.................] - ETA: 11s - loss: 2.0522 - acc: 0.2031
 54/117 [============>.................] - ETA: 10s - loss: 2.0549 - acc: 0.2025
 55/117 [=============>................] - ETA: 10s - loss: 2.0500 - acc: 0.2023
 57/117 [=============>................] - ETA: 9s - loss: 2.0394 - acc: 0.2083 
 58/117 [=============>................] - ETA: 9s - loss: 2.0434 - acc: 0.2069
 59/117 [==============>...............] - ETA: 9s - loss: 2.0405 - acc: 0.2076
 61/117 [==============>...............] - ETA: 8s - loss: 2.0321 - acc: 0.2100
 62/117 [==============>...............] - ETA: 8s - loss: 2.0260 - acc: 0.2147
 64/117 [===============>..............] - ETA: 8s - loss: 2.0226 - acc: 0.2178
 65/117 [===============>..............] - ETA: 7s - loss: 2.0181 - acc: 0.2212
 67/117 [================>.............] - ETA: 7s - loss: 2.0081 - acc: 0.2276
 69/117 [================>.............] - ETA: 6s - loss: 2.0023 - acc: 0.2319
 70/117 [================>.............] - ETA: 6s - loss: 2.0053 - acc: 0.2295
 72/117 [=================>............] - ETA: 6s - loss: 1.9933 - acc: 0.2352
 74/117 [=================>............] - ETA: 5s - loss: 1.9899 - acc: 0.2356
 75/117 [==================>...........] - ETA: 5s - loss: 1.9868 - acc: 0.2392
 76/117 [==================>...........] - ETA: 5s - loss: 1.9871 - acc: 0.2385
 78/117 [===================>..........] - ETA: 5s - loss: 1.9834 - acc: 0.2396
 80/117 [===================>..........] - ETA: 4s - loss: 1.9823 - acc: 0.2406
 82/117 [====================>.........] - ETA: 4s - loss: 1.9743 - acc: 0.2447
 84/117 [====================>.........] - ETA: 4s - loss: 1.9691 - acc: 0.2463
 85/117 [====================>.........] - ETA: 4s - loss: 1.9667 - acc: 0.2493
 87/117 [=====================>........] - ETA: 3s - loss: 1.9609 - acc: 0.2493
 88/117 [=====================>........] - ETA: 3s - loss: 1.9581 - acc: 0.2507
 90/117 [======================>.......] - ETA: 3s - loss: 1.9581 - acc: 0.2500
 92/117 [======================>.......] - ETA: 3s - loss: 1.9542 - acc: 0.2514
 94/117 [=======================>......] - ETA: 2s - loss: 1.9447 - acc: 0.2547
 96/117 [=======================>......] - ETA: 2s - loss: 1.9397 - acc: 0.2552
 98/117 [========================>.....] - ETA: 2s - loss: 1.9435 - acc: 0.2538
100/117 [========================>.....] - ETA: 1s - loss: 1.9466 - acc: 0.2525
102/117 [=========================>....] - ETA: 1s - loss: 1.9474 - acc: 0.2531
104/117 [=========================>....] - ETA: 1s - loss: 1.9427 - acc: 0.2554
105/117 [=========================>....] - ETA: 1s - loss: 1.9399 - acc: 0.2565
107/117 [==========================>...] - ETA: 1s - loss: 1.9312 - acc: 0.2611
109/117 [==========================>...] - ETA: 0s - loss: 1.9231 - acc: 0.2643
110/117 [===========================>..] - ETA: 0s - loss: 1.9212 - acc: 0.2642
111/117 [===========================>..] - ETA: 0s - loss: 1.9181 - acc: 0.2669
113/117 [===========================>..] - ETA: 0s - loss: 1.9141 - acc: 0.2688
115/117 [============================>.] - ETA: 0s - loss: 1.9148 - acc: 0.2679
117/117 [==============================] - 15s 127ms/step - loss: 1.9101 - acc: 0.2692 - val_loss: 1.6398 - val_acc: 0.4150
Epoch 2/50

  1/117 [..............................] - ETA: 0s - loss: 2.1753 - acc: 0.1111
 10/117 [=>............................] - ETA: 0s - loss: 1.7407 - acc: 0.3549
 13/117 [==>...........................] - ETA: 1s - loss: 1.7315 - acc: 0.3451
 14/117 [==>...........................] - ETA: 1s - loss: 1.7076 - acc: 0.3472
 15/117 [==>...........................] - ETA: 2s - loss: 1.7181 - acc: 0.3407
 16/117 [===>..........................] - ETA: 2s - loss: 1.7215 - acc: 0.3429
 17/117 [===>..........................] - ETA: 2s - loss: 1.7147 - acc: 0.3448
 18/117 [===>..........................] - ETA: 3s - loss: 1.7192 - acc: 0.3465
 19/117 [===>..........................] - ETA: 3s - loss: 1.7170 - acc: 0.3480
 20/117 [====>.........................] - ETA: 3s - loss: 1.7168 - acc: 0.3462
 21/117 [====>.........................] - ETA: 3s - loss: 1.7131 - acc: 0.3505
 22/117 [====>.........................] - ETA: 3s - loss: 1.7095 - acc: 0.3545
 24/117 [=====>........................] - ETA: 3s - loss: 1.6968 - acc: 0.3588
 26/117 [=====>........................] - ETA: 3s - loss: 1.6728 - acc: 0.3745
 27/117 [=====>........................] - ETA: 3s - loss: 1.6685 - acc: 0.3768
 29/117 [======>.......................] - ETA: 3s - loss: 1.6628 - acc: 0.3724
 31/117 [======>.......................] - ETA: 3s - loss: 1.6556 - acc: 0.3746
 32/117 [=======>......................] - ETA: 3s - loss: 1.6533 - acc: 0.3726
 34/117 [=======>......................] - ETA: 3s - loss: 1.6576 - acc: 0.3691
 35/117 [=======>......................] - ETA: 3s - loss: 1.6541 - acc: 0.3728
 36/117 [========>.....................] - ETA: 3s - loss: 1.6537 - acc: 0.3729
 38/117 [========>.....................] - ETA: 3s - loss: 1.6491 - acc: 0.3763
 39/117 [=========>....................] - ETA: 3s - loss: 1.6554 - acc: 0.3730
 40/117 [=========>....................] - ETA: 3s - loss: 1.6621 - acc: 0.3700
 42/117 [=========>....................] - ETA: 3s - loss: 1.6687 - acc: 0.3732
 43/117 [==========>...................] - ETA: 3s - loss: 1.6662 - acc: 0.3776
 45/117 [==========>...................] - ETA: 3s - loss: 1.6665 - acc: 0.3747
 46/117 [==========>...................] - ETA: 3s - loss: 1.6681 - acc: 0.3720
 48/117 [===========>..................] - ETA: 3s - loss: 1.6750 - acc: 0.3682
 50/117 [===========>..................] - ETA: 3s - loss: 1.6655 - acc: 0.3747
 52/117 [============>.................] - ETA: 2s - loss: 1.6660 - acc: 0.3711
 54/117 [============>.................] - ETA: 2s - loss: 1.6724 - acc: 0.3678
 56/117 [=============>................] - ETA: 2s - loss: 1.6702 - acc: 0.3669
 58/117 [=============>................] - ETA: 2s - loss: 1.6668 - acc: 0.3683
 59/117 [==============>...............] - ETA: 2s - loss: 1.6672 - acc: 0.3695
 61/117 [==============>...............] - ETA: 2s - loss: 1.6629 - acc: 0.3696
 62/117 [==============>...............] - ETA: 2s - loss: 1.6604 - acc: 0.3718
 63/117 [===============>..............] - ETA: 2s - loss: 1.6607 - acc: 0.3728
 64/117 [===============>..............] - ETA: 2s - loss: 1.6646 - acc: 0.3709
 65/117 [===============>..............] - ETA: 2s - loss: 1.6635 - acc: 0.3729
 66/117 [===============>..............] - ETA: 2s - loss: 1.6617 - acc: 0.3748
 67/117 [================>.............] - ETA: 2s - loss: 1.6694 - acc: 0.3729
 68/117 [================>.............] - ETA: 2s - loss: 1.6713 - acc: 0.3711
 69/117 [================>.............] - ETA: 2s - loss: 1.6659 - acc: 0.3739
 71/117 [=================>............] - ETA: 2s - loss: 1.6679 - acc: 0.3722
 72/117 [=================>............] - ETA: 2s - loss: 1.6681 - acc: 0.3731
 73/117 [=================>............] - ETA: 2s - loss: 1.6668 - acc: 0.3765
 75/117 [==================>...........] - ETA: 1s - loss: 1.6608 - acc: 0.3798
 76/117 [==================>...........] - ETA: 1s - loss: 1.6563 - acc: 0.3814
 78/117 [===================>..........] - ETA: 1s - loss: 1.6518 - acc: 0.3852
 80/117 [===================>..........] - ETA: 1s - loss: 1.6519 - acc: 0.3881
 82/117 [====================>.........] - ETA: 1s - loss: 1.6509 - acc: 0.3901
 83/117 [====================>.........] - ETA: 1s - loss: 1.6528 - acc: 0.3899
 84/117 [====================>.........] - ETA: 1s - loss: 1.6514 - acc: 0.3905
 86/117 [=====================>........] - ETA: 1s - loss: 1.6479 - acc: 0.3916
 88/117 [=====================>........] - ETA: 1s - loss: 1.6425 - acc: 0.3961
 90/117 [======================>.......] - ETA: 1s - loss: 1.6425 - acc: 0.3950
 92/117 [======================>.......] - ETA: 1s - loss: 1.6436 - acc: 0.3946
 93/117 [======================>.......] - ETA: 1s - loss: 1.6450 - acc: 0.3950
 95/117 [=======================>......] - ETA: 1s - loss: 1.6483 - acc: 0.3920
 97/117 [=======================>......] - ETA: 0s - loss: 1.6416 - acc: 0.3955
 99/117 [========================>.....] - ETA: 0s - loss: 1.6419 - acc: 0.3957
101/117 [========================>.....] - ETA: 0s - loss: 1.6415 - acc: 0.3947
102/117 [=========================>....] - ETA: 0s - loss: 1.6377 - acc: 0.3957
104/117 [=========================>....] - ETA: 0s - loss: 1.6392 - acc: 0.3953
105/117 [=========================>....] - ETA: 0s - loss: 1.6408 - acc: 0.3939
107/117 [==========================>...] - ETA: 0s - loss: 1.6385 - acc: 0.3953
108/117 [==========================>...] - ETA: 0s - loss: 1.6375 - acc: 0.3951
110/117 [===========================>..] - ETA: 0s - loss: 1.6324 - acc: 0.3993
112/117 [===========================>..] - ETA: 0s - loss: 1.6312 - acc: 0.3989
114/117 [============================>.] - ETA: 0s - loss: 1.6272 - acc: 0.3990
116/117 [============================>.] - ETA: 0s - loss: 1.6265 - acc: 0.4002
117/117 [==============================] - 8s 67ms/step - loss: 1.6257 - acc: 0.4005 - val_loss: 1.5675 - val_acc: 0.4336
Epoch 3/50

  1/117 [..............................] - ETA: 1s - loss: 1.6620 - acc: 0.4375
 11/117 [=>............................] - ETA: 0s - loss: 1.5561 - acc: 0.4293
 13/117 [==>...........................] - ETA: 1s - loss: 1.5132 - acc: 0.4594
 14/117 [==>...........................] - ETA: 1s - loss: 1.5125 - acc: 0.4623
 15/117 [==>...........................] - ETA: 2s - loss: 1.5368 - acc: 0.4481
 16/117 [===>..........................] - ETA: 2s - loss: 1.5348 - acc: 0.4553
 17/117 [===>..........................] - ETA: 2s - loss: 1.5198 - acc: 0.4653
 18/117 [===>..........................] - ETA: 3s - loss: 1.5000 - acc: 0.4846
 19/117 [===>..........................] - ETA: 3s - loss: 1.5079 - acc: 0.4788
 20/117 [====>.........................] - ETA: 3s - loss: 1.5170 - acc: 0.4705
 21/117 [====>.........................] - ETA: 3s - loss: 1.5161 - acc: 0.4689
 22/117 [====>.........................] - ETA: 3s - loss: 1.5134 - acc: 0.4703
 23/117 [====>.........................] - ETA: 3s - loss: 1.5173 - acc: 0.4716
 24/117 [=====>........................] - ETA: 3s - loss: 1.5295 - acc: 0.4598
 25/117 [=====>........................] - ETA: 3s - loss: 1.5195 - acc: 0.4664
 26/117 [=====>........................] - ETA: 3s - loss: 1.5097 - acc: 0.4701
 27/117 [=====>........................] - ETA: 3s - loss: 1.5057 - acc: 0.4758
 28/117 [======>.......................] - ETA: 3s - loss: 1.5038 - acc: 0.4767
 29/117 [======>.......................] - ETA: 3s - loss: 1.4939 - acc: 0.4818
 30/117 [======>.......................] - ETA: 3s - loss: 1.4986 - acc: 0.4741
 31/117 [======>.......................] - ETA: 3s - loss: 1.4999 - acc: 0.4729
 33/117 [=======>......................] - ETA: 3s - loss: 1.4819 - acc: 0.4802
 34/117 [=======>......................] - ETA: 3s - loss: 1.4867 - acc: 0.4753
 35/117 [=======>......................] - ETA: 3s - loss: 1.5075 - acc: 0.4671
 37/117 [========>.....................] - ETA: 3s - loss: 1.5241 - acc: 0.4604
 39/117 [=========>....................] - ETA: 3s - loss: 1.5250 - acc: 0.4560
 41/117 [=========>....................] - ETA: 3s - loss: 1.5316 - acc: 0.4521
 43/117 [==========>...................] - ETA: 3s - loss: 1.5254 - acc: 0.4528
 45/117 [==========>...................] - ETA: 3s - loss: 1.5312 - acc: 0.4480
 47/117 [===========>..................] - ETA: 3s - loss: 1.5288 - acc: 0.4475
 49/117 [===========>..................] - ETA: 3s - loss: 1.5335 - acc: 0.4484
 50/117 [===========>..................] - ETA: 3s - loss: 1.5381 - acc: 0.4482
 51/117 [============>.................] - ETA: 3s - loss: 1.5366 - acc: 0.4504
 53/117 [============>.................] - ETA: 3s - loss: 1.5317 - acc: 0.4558
 55/117 [=============>................] - ETA: 2s - loss: 1.5210 - acc: 0.4620
 57/117 [=============>................] - ETA: 2s - loss: 1.5242 - acc: 0.4600
 59/117 [==============>...............] - ETA: 2s - loss: 1.5219 - acc: 0.4603
 60/117 [==============>...............] - ETA: 2s - loss: 1.5224 - acc: 0.4610
 62/117 [==============>...............] - ETA: 2s - loss: 1.5268 - acc: 0.4582
 64/117 [===============>..............] - ETA: 2s - loss: 1.5250 - acc: 0.4595
 66/117 [===============>..............] - ETA: 2s - loss: 1.5281 - acc: 0.4570
 67/117 [================>.............] - ETA: 2s - loss: 1.5258 - acc: 0.4567
 69/117 [================>.............] - ETA: 2s - loss: 1.5250 - acc: 0.4561
 70/117 [================>.............] - ETA: 2s - loss: 1.5233 - acc: 0.4559
 72/117 [=================>............] - ETA: 2s - loss: 1.5239 - acc: 0.4571
 74/117 [=================>............] - ETA: 2s - loss: 1.5152 - acc: 0.4599
 75/117 [==================>...........] - ETA: 1s - loss: 1.5184 - acc: 0.4596
 77/117 [==================>...........] - ETA: 1s - loss: 1.5130 - acc: 0.4615
 79/117 [===================>..........] - ETA: 1s - loss: 1.5082 - acc: 0.4625
 81/117 [===================>..........] - ETA: 1s - loss: 1.5108 - acc: 0.4580
 83/117 [====================>.........] - ETA: 1s - loss: 1.5199 - acc: 0.4530
 85/117 [====================>.........] - ETA: 1s - loss: 1.5222 - acc: 0.4519
 87/117 [=====================>........] - ETA: 1s - loss: 1.5230 - acc: 0.4515
 89/117 [=====================>........] - ETA: 1s - loss: 1.5216 - acc: 0.4526
 91/117 [======================>.......] - ETA: 1s - loss: 1.5220 - acc: 0.4523
 93/117 [======================>.......] - ETA: 1s - loss: 1.5158 - acc: 0.4540
 95/117 [=======================>......] - ETA: 1s - loss: 1.5194 - acc: 0.4504
 97/117 [=======================>......] - ETA: 0s - loss: 1.5186 - acc: 0.4507
 98/117 [========================>.....] - ETA: 0s - loss: 1.5150 - acc: 0.4512
100/117 [========================>.....] - ETA: 0s - loss: 1.5154 - acc: 0.4510
101/117 [========================>.....] - ETA: 0s - loss: 1.5167 - acc: 0.4490
103/117 [=========================>....] - ETA: 0s - loss: 1.5141 - acc: 0.4488
105/117 [=========================>....] - ETA: 0s - loss: 1.5116 - acc: 0.4491
107/117 [==========================>...] - ETA: 0s - loss: 1.5142 - acc: 0.4472
108/117 [==========================>...] - ETA: 0s - loss: 1.5137 - acc: 0.4471
110/117 [===========================>..] - ETA: 0s - loss: 1.5080 - acc: 0.4503
112/117 [===========================>..] - ETA: 0s - loss: 1.5039 - acc: 0.4534
113/117 [===========================>..] - ETA: 0s - loss: 1.5018 - acc: 0.4538
115/117 [============================>.] - ETA: 0s - loss: 1.5036 - acc: 0.4541
116/117 [============================>.] - ETA: 0s - loss: 1.5047 - acc: 0.4545
117/117 [==============================] - 8s 68ms/step - loss: 1.5041 - acc: 0.4544 - val_loss: 1.4749 - val_acc: 0.4930
Epoch 4/50

  1/117 [..............................] - ETA: 2s - loss: 1.3801 - acc: 0.5000
 11/117 [=>............................] - ETA: 0s - loss: 1.4667 - acc: 0.4893
 13/117 [==>...........................] - ETA: 1s - loss: 1.4289 - acc: 0.5005
 14/117 [==>...........................] - ETA: 1s - loss: 1.4134 - acc: 0.5139
 15/117 [==>...........................] - ETA: 2s - loss: 1.4169 - acc: 0.5005
 16/117 [===>..........................] - ETA: 2s - loss: 1.4142 - acc: 0.5122
 17/117 [===>..........................] - ETA: 2s - loss: 1.4583 - acc: 0.5041
 18/117 [===>..........................] - ETA: 3s - loss: 1.4598 - acc: 0.5108
 19/117 [===>..........................] - ETA: 3s - loss: 1.4686 - acc: 0.5135
 20/117 [====>.........................] - ETA: 3s - loss: 1.4908 - acc: 0.5003
 21/117 [====>.........................] - ETA: 3s - loss: 1.4816 - acc: 0.4974
 22/117 [====>.........................] - ETA: 3s - loss: 1.4785 - acc: 0.4975
 24/117 [=====>........................] - ETA: 3s - loss: 1.4782 - acc: 0.4977
 26/117 [=====>........................] - ETA: 3s - loss: 1.4799 - acc: 0.4955
 28/117 [======>.......................] - ETA: 3s - loss: 1.4555 - acc: 0.5069
 29/117 [======>.......................] - ETA: 3s - loss: 1.4439 - acc: 0.5089
 31/117 [======>.......................] - ETA: 3s - loss: 1.4442 - acc: 0.5043
 32/117 [=======>......................] - ETA: 3s - loss: 1.4489 - acc: 0.5022
 34/117 [=======>......................] - ETA: 3s - loss: 1.4584 - acc: 0.4965
 36/117 [========>.....................] - ETA: 3s - loss: 1.4588 - acc: 0.5002
 37/117 [========>.....................] - ETA: 3s - loss: 1.4518 - acc: 0.5036
 39/117 [=========>....................] - ETA: 3s - loss: 1.4468 - acc: 0.5002
 40/117 [=========>....................] - ETA: 3s - loss: 1.4442 - acc: 0.5017
 41/117 [=========>....................] - ETA: 3s - loss: 1.4389 - acc: 0.5017
 42/117 [=========>....................] - ETA: 3s - loss: 1.4373 - acc: 0.5046
 43/117 [==========>...................] - ETA: 3s - loss: 1.4363 - acc: 0.5060
 45/117 [==========>...................] - ETA: 3s - loss: 1.4437 - acc: 0.4974
 47/117 [===========>..................] - ETA: 3s - loss: 1.4387 - acc: 0.4988
 49/117 [===========>..................] - ETA: 3s - loss: 1.4478 - acc: 0.4925
 50/117 [===========>..................] - ETA: 3s - loss: 1.4417 - acc: 0.4951
 52/117 [============>.................] - ETA: 2s - loss: 1.4384 - acc: 0.4977
 54/117 [============>.................] - ETA: 2s - loss: 1.4347 - acc: 0.4990
 56/117 [=============>................] - ETA: 2s - loss: 1.4281 - acc: 0.5001
 57/117 [=============>................] - ETA: 2s - loss: 1.4272 - acc: 0.5012
 58/117 [=============>................] - ETA: 2s - loss: 1.4287 - acc: 0.5023
 60/117 [==============>...............] - ETA: 2s - loss: 1.4230 - acc: 0.5084
 61/117 [==============>...............] - ETA: 2s - loss: 1.4244 - acc: 0.5073
 62/117 [==============>...............] - ETA: 2s - loss: 1.4225 - acc: 0.5112
 63/117 [===============>..............] - ETA: 2s - loss: 1.4224 - acc: 0.5110
 64/117 [===============>..............] - ETA: 2s - loss: 1.4269 - acc: 0.5099
 65/117 [===============>..............] - ETA: 2s - loss: 1.4289 - acc: 0.5097
 66/117 [===============>..............] - ETA: 2s - loss: 1.4324 - acc: 0.5077
 67/117 [================>.............] - ETA: 2s - loss: 1.4319 - acc: 0.5085
 68/117 [================>.............] - ETA: 2s - loss: 1.4308 - acc: 0.5084
 69/117 [================>.............] - ETA: 2s - loss: 1.4316 - acc: 0.5064
 70/117 [================>.............] - ETA: 2s - loss: 1.4292 - acc: 0.5081
 71/117 [=================>............] - ETA: 2s - loss: 1.4305 - acc: 0.5089
 72/117 [=================>............] - ETA: 2s - loss: 1.4291 - acc: 0.5079
 73/117 [=================>............] - ETA: 2s - loss: 1.4257 - acc: 0.5095
 75/117 [==================>...........] - ETA: 1s - loss: 1.4247 - acc: 0.5101
 77/117 [==================>...........] - ETA: 1s - loss: 1.4231 - acc: 0.5098
 78/117 [===================>..........] - ETA: 1s - loss: 1.4231 - acc: 0.5097
 79/117 [===================>..........] - ETA: 1s - loss: 1.4199 - acc: 0.5112
 81/117 [===================>..........] - ETA: 1s - loss: 1.4223 - acc: 0.5093
 83/117 [====================>.........] - ETA: 1s - loss: 1.4196 - acc: 0.5129
 85/117 [====================>.........] - ETA: 1s - loss: 1.4139 - acc: 0.5170
 87/117 [=====================>........] - ETA: 1s - loss: 1.4087 - acc: 0.5173
 89/117 [=====================>........] - ETA: 1s - loss: 1.4129 - acc: 0.5141
 90/117 [======================>.......] - ETA: 1s - loss: 1.4130 - acc: 0.5140
 92/117 [======================>.......] - ETA: 1s - loss: 1.4118 - acc: 0.5150
 93/117 [======================>.......] - ETA: 1s - loss: 1.4110 - acc: 0.5149
 95/117 [=======================>......] - ETA: 1s - loss: 1.4085 - acc: 0.5159
 96/117 [=======================>......] - ETA: 1s - loss: 1.4051 - acc: 0.5183
 98/117 [========================>.....] - ETA: 0s - loss: 1.4067 - acc: 0.5179
100/117 [========================>.....] - ETA: 0s - loss: 1.4095 - acc: 0.5163
102/117 [=========================>....] - ETA: 0s - loss: 1.4059 - acc: 0.5191
103/117 [=========================>....] - ETA: 0s - loss: 1.4061 - acc: 0.5177
105/117 [=========================>....] - ETA: 0s - loss: 1.4078 - acc: 0.5185
107/117 [==========================>...] - ETA: 0s - loss: 1.4102 - acc: 0.5176
108/117 [==========================>...] - ETA: 0s - loss: 1.4117 - acc: 0.5168
110/117 [===========================>..] - ETA: 0s - loss: 1.4162 - acc: 0.5148
112/117 [===========================>..] - ETA: 0s - loss: 1.4209 - acc: 0.5118
114/117 [============================>.] - ETA: 0s - loss: 1.4180 - acc: 0.5127
116/117 [============================>.] - ETA: 0s - loss: 1.4145 - acc: 0.5151
117/117 [==============================] - 8s 67ms/step - loss: 1.4129 - acc: 0.5161 - val_loss: 1.4122 - val_acc: 0.5133
Epoch 5/50

  1/117 [..............................] - ETA: 2s - loss: 1.8161 - acc: 0.5000
  6/117 [>.............................] - ETA: 1s - loss: 1.4236 - acc: 0.4803
 13/117 [==>...........................] - ETA: 1s - loss: 1.4250 - acc: 0.4765
 14/117 [==>...........................] - ETA: 1s - loss: 1.4264 - acc: 0.4782
 15/117 [==>...........................] - ETA: 2s - loss: 1.4366 - acc: 0.4796
 16/117 [===>..........................] - ETA: 2s - loss: 1.4367 - acc: 0.4809
 17/117 [===>..........................] - ETA: 3s - loss: 1.4653 - acc: 0.4783
 18/117 [===>..........................] - ETA: 3s - loss: 1.4707 - acc: 0.4726
 19/117 [===>..........................] - ETA: 3s - loss: 1.4793 - acc: 0.4740
 20/117 [====>.........................] - ETA: 3s - loss: 1.4863 - acc: 0.4722
 21/117 [====>.........................] - ETA: 3s - loss: 1.4986 - acc: 0.4646
 22/117 [====>.........................] - ETA: 3s - loss: 1.5051 - acc: 0.4577
 23/117 [====>.........................] - ETA: 3s - loss: 1.5123 - acc: 0.4487
 24/117 [=====>........................] - ETA: 3s - loss: 1.5001 - acc: 0.4534
 25/117 [=====>........................] - ETA: 3s - loss: 1.4908 - acc: 0.4578
 26/117 [=====>........................] - ETA: 3s - loss: 1.4735 - acc: 0.4690
 28/117 [======>.......................] - ETA: 3s - loss: 1.4525 - acc: 0.4779
 29/117 [======>.......................] - ETA: 3s - loss: 1.4419 - acc: 0.4787
 31/117 [======>.......................] - ETA: 3s - loss: 1.4393 - acc: 0.4740
 32/117 [=======>......................] - ETA: 3s - loss: 1.4334 - acc: 0.4748
 33/117 [=======>......................] - ETA: 3s - loss: 1.4403 - acc: 0.4756
 34/117 [=======>......................] - ETA: 3s - loss: 1.4381 - acc: 0.4781
 36/117 [========>.....................] - ETA: 3s - loss: 1.4283 - acc: 0.4776
 38/117 [========>.....................] - ETA: 3s - loss: 1.4261 - acc: 0.4804
 40/117 [=========>....................] - ETA: 3s - loss: 1.4255 - acc: 0.4799
 41/117 [=========>....................] - ETA: 3s - loss: 1.4316 - acc: 0.4743
 42/117 [=========>....................] - ETA: 3s - loss: 1.4248 - acc: 0.4808
 44/117 [==========>...................] - ETA: 3s - loss: 1.4246 - acc: 0.4817
 46/117 [==========>...................] - ETA: 3s - loss: 1.4254 - acc: 0.4825
 48/117 [===========>..................] - ETA: 3s - loss: 1.4146 - acc: 0.4884
 50/117 [===========>..................] - ETA: 3s - loss: 1.4034 - acc: 0.4901
 51/117 [============>.................] - ETA: 3s - loss: 1.4010 - acc: 0.4928
 52/117 [============>.................] - ETA: 3s - loss: 1.3975 - acc: 0.4965
 54/117 [============>.................] - ETA: 2s - loss: 1.4052 - acc: 0.4932
 56/117 [=============>................] - ETA: 2s - loss: 1.4062 - acc: 0.4923
 58/117 [=============>................] - ETA: 2s - loss: 1.3937 - acc: 0.5023
 60/117 [==============>...............] - ETA: 2s - loss: 1.3871 - acc: 0.5084
 62/117 [==============>...............] - ETA: 2s - loss: 1.3895 - acc: 0.5062
 63/117 [===============>..............] - ETA: 2s - loss: 1.3891 - acc: 0.5080
 65/117 [===============>..............] - ETA: 2s - loss: 1.3910 - acc: 0.5049
 67/117 [================>.............] - ETA: 2s - loss: 1.3841 - acc: 0.5076
 69/117 [================>.............] - ETA: 2s - loss: 1.3847 - acc: 0.5046
 71/117 [=================>............] - ETA: 2s - loss: 1.3831 - acc: 0.5054
 73/117 [=================>............] - ETA: 2s - loss: 1.3798 - acc: 0.5078
 75/117 [==================>...........] - ETA: 1s - loss: 1.3829 - acc: 0.5068
 77/117 [==================>...........] - ETA: 1s - loss: 1.3816 - acc: 0.5082
 79/117 [===================>..........] - ETA: 1s - loss: 1.3774 - acc: 0.5088
 80/117 [===================>..........] - ETA: 1s - loss: 1.3741 - acc: 0.5118
 82/117 [====================>.........] - ETA: 1s - loss: 1.3704 - acc: 0.5130
 83/117 [====================>.........] - ETA: 1s - loss: 1.3710 - acc: 0.5129
 84/117 [====================>.........] - ETA: 1s - loss: 1.3666 - acc: 0.5157
 85/117 [====================>.........] - ETA: 1s - loss: 1.3649 - acc: 0.5155
 87/117 [=====================>........] - ETA: 1s - loss: 1.3665 - acc: 0.5137
 89/117 [=====================>........] - ETA: 1s - loss: 1.3623 - acc: 0.5155
 91/117 [======================>.......] - ETA: 1s - loss: 1.3560 - acc: 0.5207
 93/117 [======================>.......] - ETA: 1s - loss: 1.3515 - acc: 0.5209
 95/117 [=======================>......] - ETA: 1s - loss: 1.3553 - acc: 0.5185
 97/117 [=======================>......] - ETA: 0s - loss: 1.3575 - acc: 0.5188
 98/117 [========================>.....] - ETA: 0s - loss: 1.3583 - acc: 0.5192
100/117 [========================>.....] - ETA: 0s - loss: 1.3581 - acc: 0.5213
101/117 [========================>.....] - ETA: 0s - loss: 1.3547 - acc: 0.5230
102/117 [=========================>....] - ETA: 0s - loss: 1.3565 - acc: 0.5227
103/117 [=========================>....] - ETA: 0s - loss: 1.3537 - acc: 0.5249
105/117 [=========================>....] - ETA: 0s - loss: 1.3578 - acc: 0.5239
107/117 [==========================>...] - ETA: 0s - loss: 1.3601 - acc: 0.5234
109/117 [==========================>...] - ETA: 0s - loss: 1.3572 - acc: 0.5259
110/117 [===========================>..] - ETA: 0s - loss: 1.3560 - acc: 0.5262
112/117 [===========================>..] - ETA: 0s - loss: 1.3576 - acc: 0.5263
113/117 [===========================>..] - ETA: 0s - loss: 1.3573 - acc: 0.5261
115/117 [============================>.] - ETA: 0s - loss: 1.3564 - acc: 0.5256
116/117 [============================>.] - ETA: 0s - loss: 1.3574 - acc: 0.5259
117/117 [==============================] - 8s 68ms/step - loss: 1.3576 - acc: 0.5262 - val_loss: 1.4107 - val_acc: 0.4716
Epoch 6/50

  1/117 [..............................] - ETA: 0s - loss: 1.4288 - acc: 0.6250
 11/117 [=>............................] - ETA: 0s - loss: 1.4276 - acc: 0.5253
 13/117 [==>...........................] - ETA: 1s - loss: 1.3975 - acc: 0.5214
 14/117 [==>...........................] - ETA: 1s - loss: 1.3605 - acc: 0.5288
 15/117 [==>...........................] - ETA: 2s - loss: 1.3616 - acc: 0.5269
 16/117 [===>..........................] - ETA: 2s - loss: 1.3643 - acc: 0.5252
 17/117 [===>..........................] - ETA: 2s - loss: 1.3842 - acc: 0.5200
 18/117 [===>..........................] - ETA: 3s - loss: 1.3979 - acc: 0.5224
 19/117 [===>..........................] - ETA: 3s - loss: 1.4068 - acc: 0.5212
 20/117 [====>.........................] - ETA: 3s - loss: 1.3843 - acc: 0.5295
 21/117 [====>.........................] - ETA: 3s - loss: 1.3756 - acc: 0.5370
 22/117 [====>.........................] - ETA: 3s - loss: 1.3651 - acc: 0.5410
 24/117 [=====>........................] - ETA: 3s - loss: 1.3416 - acc: 0.5454
 26/117 [=====>........................] - ETA: 3s - loss: 1.3220 - acc: 0.5515
 27/117 [=====>........................] - ETA: 3s - loss: 1.3258 - acc: 0.5427
 29/117 [======>.......................] - ETA: 3s - loss: 1.3428 - acc: 0.5354
 31/117 [======>.......................] - ETA: 3s - loss: 1.3385 - acc: 0.5432
 33/117 [=======>......................] - ETA: 3s - loss: 1.3417 - acc: 0.5520
 35/117 [=======>......................] - ETA: 3s - loss: 1.3444 - acc: 0.5544
 37/117 [========>.....................] - ETA: 3s - loss: 1.3618 - acc: 0.5514
 39/117 [=========>....................] - ETA: 3s - loss: 1.3531 - acc: 0.5552
 41/117 [=========>....................] - ETA: 3s - loss: 1.3573 - acc: 0.5510
 43/117 [==========>...................] - ETA: 3s - loss: 1.3493 - acc: 0.5515
 45/117 [==========>...................] - ETA: 3s - loss: 1.3571 - acc: 0.5465
 46/117 [==========>...................] - ETA: 3s - loss: 1.3561 - acc: 0.5454
 48/117 [===========>..................] - ETA: 3s - loss: 1.3488 - acc: 0.5488
 50/117 [===========>..................] - ETA: 3s - loss: 1.3406 - acc: 0.5518
 52/117 [============>.................] - ETA: 2s - loss: 1.3418 - acc: 0.5510
 53/117 [============>.................] - ETA: 2s - loss: 1.3405 - acc: 0.5489
 55/117 [=============>................] - ETA: 2s - loss: 1.3318 - acc: 0.5516
 56/117 [=============>................] - ETA: 2s - loss: 1.3320 - acc: 0.5518
 57/117 [=============>................] - ETA: 2s - loss: 1.3341 - acc: 0.5498
 58/117 [=============>................] - ETA: 2s - loss: 1.3385 - acc: 0.5468
 60/117 [==============>...............] - ETA: 2s - loss: 1.3252 - acc: 0.5525
 61/117 [==============>...............] - ETA: 2s - loss: 1.3267 - acc: 0.5507
 62/117 [==============>...............] - ETA: 2s - loss: 1.3331 - acc: 0.5458
 63/117 [===============>..............] - ETA: 2s - loss: 1.3319 - acc: 0.5471
 64/117 [===============>..............] - ETA: 2s - loss: 1.3294 - acc: 0.5502
 65/117 [===============>..............] - ETA: 2s - loss: 1.3275 - acc: 0.5504
 66/117 [===============>..............] - ETA: 2s - loss: 1.3330 - acc: 0.5487
 67/117 [================>.............] - ETA: 2s - loss: 1.3337 - acc: 0.5489
 68/117 [================>.............] - ETA: 2s - loss: 1.3270 - acc: 0.5510
 69/117 [================>.............] - ETA: 2s - loss: 1.3264 - acc: 0.5502
 70/117 [================>.............] - ETA: 2s - loss: 1.3259 - acc: 0.5504
 71/117 [=================>............] - ETA: 2s - loss: 1.3229 - acc: 0.5514
 72/117 [=================>............] - ETA: 2s - loss: 1.3182 - acc: 0.5542
 73/117 [=================>............] - ETA: 2s - loss: 1.3133 - acc: 0.5552
 74/117 [=================>............] - ETA: 2s - loss: 1.3117 - acc: 0.5561
 75/117 [==================>...........] - ETA: 2s - loss: 1.3094 - acc: 0.5554
 76/117 [==================>...........] - ETA: 1s - loss: 1.3082 - acc: 0.5563
 77/117 [==================>...........] - ETA: 1s - loss: 1.3102 - acc: 0.5539
 78/117 [===================>..........] - ETA: 1s - loss: 1.3100 - acc: 0.5524
 79/117 [===================>..........] - ETA: 1s - loss: 1.3074 - acc: 0.5557
 81/117 [===================>..........] - ETA: 1s - loss: 1.3047 - acc: 0.5582
 83/117 [====================>.........] - ETA: 1s - loss: 1.3012 - acc: 0.5591
 85/117 [====================>.........] - ETA: 1s - loss: 1.3030 - acc: 0.5555
 86/117 [=====================>........] - ETA: 1s - loss: 1.3025 - acc: 0.5548
 88/117 [=====================>........] - ETA: 1s - loss: 1.3028 - acc: 0.5543
 89/117 [=====================>........] - ETA: 1s - loss: 1.3028 - acc: 0.5544
 91/117 [======================>.......] - ETA: 1s - loss: 1.3037 - acc: 0.5546
 92/117 [======================>.......] - ETA: 1s - loss: 1.3065 - acc: 0.5546
 94/117 [=======================>......] - ETA: 1s - loss: 1.3080 - acc: 0.5535
 96/117 [=======================>......] - ETA: 1s - loss: 1.3099 - acc: 0.5530
 98/117 [========================>.....] - ETA: 0s - loss: 1.3052 - acc: 0.5545
 99/117 [========================>.....] - ETA: 0s - loss: 1.3047 - acc: 0.5552
100/117 [========================>.....] - ETA: 0s - loss: 1.3034 - acc: 0.5553
101/117 [========================>.....] - ETA: 0s - loss: 1.3053 - acc: 0.5547
102/117 [=========================>....] - ETA: 0s - loss: 1.3028 - acc: 0.5566
104/117 [=========================>....] - ETA: 0s - loss: 1.3010 - acc: 0.5574
106/117 [==========================>...] - ETA: 0s - loss: 1.2998 - acc: 0.5569
107/117 [==========================>...] - ETA: 0s - loss: 1.2987 - acc: 0.5558
109/117 [==========================>...] - ETA: 0s - loss: 1.2979 - acc: 0.5564
110/117 [===========================>..] - ETA: 0s - loss: 1.2988 - acc: 0.5548
112/117 [===========================>..] - ETA: 0s - loss: 1.3030 - acc: 0.5555
114/117 [============================>.] - ETA: 0s - loss: 1.3082 - acc: 0.5540
116/117 [============================>.] - ETA: 0s - loss: 1.3101 - acc: 0.5525
117/117 [==============================] - 8s 67ms/step - loss: 1.3070 - acc: 0.5542 - val_loss: 1.3405 - val_acc: 0.5145
Epoch 7/50

  1/117 [..............................] - ETA: 0s - loss: 1.3093 - acc: 0.6250
  6/117 [>.............................] - ETA: 1s - loss: 1.1049 - acc: 0.6528
 13/117 [==>...........................] - ETA: 1s - loss: 1.2424 - acc: 0.5994
 14/117 [==>...........................] - ETA: 2s - loss: 1.2293 - acc: 0.5923
 15/117 [==>...........................] - ETA: 2s - loss: 1.2319 - acc: 0.5903
 16/117 [===>..........................] - ETA: 2s - loss: 1.2273 - acc: 0.5924
 17/117 [===>..........................] - ETA: 3s - loss: 1.2420 - acc: 0.5870
 18/117 [===>..........................] - ETA: 3s - loss: 1.2440 - acc: 0.5822
 19/117 [===>..........................] - ETA: 3s - loss: 1.2425 - acc: 0.5779
 20/117 [====>.........................] - ETA: 3s - loss: 1.2366 - acc: 0.5833
 21/117 [====>.........................] - ETA: 3s - loss: 1.2446 - acc: 0.5823
 22/117 [====>.........................] - ETA: 4s - loss: 1.2411 - acc: 0.5871
 23/117 [====>.........................] - ETA: 4s - loss: 1.2242 - acc: 0.5942
 24/117 [=====>........................] - ETA: 4s - loss: 1.2257 - acc: 0.5955
 25/117 [=====>........................] - ETA: 4s - loss: 1.2232 - acc: 0.5992
 26/117 [=====>........................] - ETA: 4s - loss: 1.2053 - acc: 0.6050
 27/117 [=====>........................] - ETA: 4s - loss: 1.2070 - acc: 0.6034
 28/117 [======>.......................] - ETA: 4s - loss: 1.2152 - acc: 0.6042
 29/117 [======>.......................] - ETA: 4s - loss: 1.2184 - acc: 0.6070
 30/117 [======>.......................] - ETA: 4s - loss: 1.2190 - acc: 0.6035
 32/117 [=======>......................] - ETA: 3s - loss: 1.2290 - acc: 0.5990
 34/117 [=======>......................] - ETA: 3s - loss: 1.2326 - acc: 0.5931
 36/117 [========>.....................] - ETA: 3s - loss: 1.2254 - acc: 0.6019
 38/117 [========>.....................] - ETA: 3s - loss: 1.2135 - acc: 0.6031
 40/117 [=========>....................] - ETA: 3s - loss: 1.2188 - acc: 0.6010
 42/117 [=========>....................] - ETA: 3s - loss: 1.2205 - acc: 0.5977
 44/117 [==========>...................] - ETA: 3s - loss: 1.2165 - acc: 0.5990
 45/117 [==========>...................] - ETA: 3s - loss: 1.2202 - acc: 0.5968
 47/117 [===========>..................] - ETA: 3s - loss: 1.2242 - acc: 0.5953
 48/117 [===========>..................] - ETA: 3s - loss: 1.2278 - acc: 0.5920
 50/117 [===========>..................] - ETA: 3s - loss: 1.2195 - acc: 0.5971
 51/117 [============>.................] - ETA: 3s - loss: 1.2294 - acc: 0.5940
 52/117 [============>.................] - ETA: 3s - loss: 1.2327 - acc: 0.5921
 54/117 [============>.................] - ETA: 3s - loss: 1.2230 - acc: 0.5980
 55/117 [=============>................] - ETA: 2s - loss: 1.2288 - acc: 0.5962
 57/117 [=============>................] - ETA: 2s - loss: 1.2368 - acc: 0.5928
 59/117 [==============>...............] - ETA: 2s - loss: 1.2345 - acc: 0.5897
 60/117 [==============>...............] - ETA: 2s - loss: 1.2260 - acc: 0.5955
 62/117 [==============>...............] - ETA: 2s - loss: 1.2247 - acc: 0.5924
 64/117 [===============>..............] - ETA: 2s - loss: 1.2272 - acc: 0.5876
 65/117 [===============>..............] - ETA: 2s - loss: 1.2302 - acc: 0.5872
 67/117 [================>.............] - ETA: 2s - loss: 1.2372 - acc: 0.5827
 68/117 [================>.............] - ETA: 2s - loss: 1.2349 - acc: 0.5833
 70/117 [================>.............] - ETA: 2s - loss: 1.2264 - acc: 0.5890
 72/117 [=================>............] - ETA: 2s - loss: 1.2211 - acc: 0.5900
 74/117 [=================>............] - ETA: 2s - loss: 1.2193 - acc: 0.5892
 76/117 [==================>...........] - ETA: 1s - loss: 1.2204 - acc: 0.5877
 77/117 [==================>...........] - ETA: 1s - loss: 1.2258 - acc: 0.5850
 79/117 [===================>..........] - ETA: 1s - loss: 1.2309 - acc: 0.5836
 81/117 [===================>..........] - ETA: 1s - loss: 1.2310 - acc: 0.5854
 83/117 [====================>.........] - ETA: 1s - loss: 1.2370 - acc: 0.5833
 84/117 [====================>.........] - ETA: 1s - loss: 1.2370 - acc: 0.5816
 85/117 [====================>.........] - ETA: 1s - loss: 1.2345 - acc: 0.5836
 86/117 [=====================>........] - ETA: 1s - loss: 1.2293 - acc: 0.5862
 88/117 [=====================>........] - ETA: 1s - loss: 1.2280 - acc: 0.5857
 90/117 [======================>.......] - ETA: 1s - loss: 1.2252 - acc: 0.5852
 92/117 [======================>.......] - ETA: 1s - loss: 1.2171 - acc: 0.5888
 93/117 [======================>.......] - ETA: 1s - loss: 1.2175 - acc: 0.5878
 94/117 [=======================>......] - ETA: 1s - loss: 1.2155 - acc: 0.5889
 96/117 [=======================>......] - ETA: 1s - loss: 1.2179 - acc: 0.5896
 98/117 [========================>.....] - ETA: 0s - loss: 1.2178 - acc: 0.5903
100/117 [========================>.....] - ETA: 0s - loss: 1.2214 - acc: 0.5867
102/117 [=========================>....] - ETA: 0s - loss: 1.2269 - acc: 0.5844
103/117 [=========================>....] - ETA: 0s - loss: 1.2250 - acc: 0.5866
105/117 [=========================>....] - ETA: 0s - loss: 1.2245 - acc: 0.5855
106/117 [==========================>...] - ETA: 0s - loss: 1.2252 - acc: 0.5853
107/117 [==========================>...] - ETA: 0s - loss: 1.2225 - acc: 0.5863
108/117 [==========================>...] - ETA: 0s - loss: 1.2247 - acc: 0.5849
109/117 [==========================>...] - ETA: 0s - loss: 1.2220 - acc: 0.5864
110/117 [===========================>..] - ETA: 0s - loss: 1.2229 - acc: 0.5856
111/117 [===========================>..] - ETA: 0s - loss: 1.2231 - acc: 0.5860
112/117 [===========================>..] - ETA: 0s - loss: 1.2199 - acc: 0.5885
113/117 [===========================>..] - ETA: 0s - loss: 1.2238 - acc: 0.5872
114/117 [============================>.] - ETA: 0s - loss: 1.2258 - acc: 0.5859
115/117 [============================>.] - ETA: 0s - loss: 1.2290 - acc: 0.5841
116/117 [============================>.] - ETA: 0s - loss: 1.2285 - acc: 0.5844
117/117 [==============================] - 8s 69ms/step - loss: 1.2275 - acc: 0.5853 - val_loss: 1.3553 - val_acc: 0.5057
Epoch 8/50

  1/117 [..............................] - ETA: 2s - loss: 1.4032 - acc: 0.3750
  9/117 [=>............................] - ETA: 0s - loss: 1.3869 - acc: 0.4923
 13/117 [==>...........................] - ETA: 1s - loss: 1.3563 - acc: 0.5139
 14/117 [==>...........................] - ETA: 1s - loss: 1.3270 - acc: 0.5263
 15/117 [==>...........................] - ETA: 2s - loss: 1.3258 - acc: 0.5412
 16/117 [===>..........................] - ETA: 2s - loss: 1.3165 - acc: 0.5503
 17/117 [===>..........................] - ETA: 2s - loss: 1.3085 - acc: 0.5474
 18/117 [===>..........................] - ETA: 3s - loss: 1.3043 - acc: 0.5482
 19/117 [===>..........................] - ETA: 3s - loss: 1.2851 - acc: 0.5523
 20/117 [====>.........................] - ETA: 3s - loss: 1.2781 - acc: 0.5528
 21/117 [====>.........................] - ETA: 3s - loss: 1.2884 - acc: 0.5503
 22/117 [====>.........................] - ETA: 3s - loss: 1.2731 - acc: 0.5565
 24/117 [=====>........................] - ETA: 3s - loss: 1.2734 - acc: 0.5544
 26/117 [=====>........................] - ETA: 3s - loss: 1.2596 - acc: 0.5550
 28/117 [======>.......................] - ETA: 3s - loss: 1.2710 - acc: 0.5533
 30/117 [======>.......................] - ETA: 3s - loss: 1.2743 - acc: 0.5560
 31/117 [======>.......................] - ETA: 3s - loss: 1.2624 - acc: 0.5582
 32/117 [=======>......................] - ETA: 3s - loss: 1.2578 - acc: 0.5584
 34/117 [=======>......................] - ETA: 3s - loss: 1.2698 - acc: 0.5513
 36/117 [========>.....................] - ETA: 3s - loss: 1.2596 - acc: 0.5554
 38/117 [========>.....................] - ETA: 3s - loss: 1.2451 - acc: 0.5607
 40/117 [=========>....................] - ETA: 3s - loss: 1.2473 - acc: 0.5576
 42/117 [=========>....................] - ETA: 3s - loss: 1.2414 - acc: 0.5638
 44/117 [==========>...................] - ETA: 3s - loss: 1.2452 - acc: 0.5581
 46/117 [==========>...................] - ETA: 3s - loss: 1.2390 - acc: 0.5623
 47/117 [===========>..................] - ETA: 3s - loss: 1.2405 - acc: 0.5624
 49/117 [===========>..................] - ETA: 3s - loss: 1.2433 - acc: 0.5598
 50/117 [===========>..................] - ETA: 3s - loss: 1.2446 - acc: 0.5611
 51/117 [============>.................] - ETA: 2s - loss: 1.2476 - acc: 0.5599
 52/117 [============>.................] - ETA: 2s - loss: 1.2491 - acc: 0.5588
 53/117 [============>.................] - ETA: 2s - loss: 1.2495 - acc: 0.5600
 54/117 [============>.................] - ETA: 2s - loss: 1.2485 - acc: 0.5624
 55/117 [=============>................] - ETA: 2s - loss: 1.2401 - acc: 0.5681
 56/117 [=============>................] - ETA: 2s - loss: 1.2388 - acc: 0.5680
 58/117 [=============>................] - ETA: 2s - loss: 1.2342 - acc: 0.5678
 60/117 [==============>...............] - ETA: 2s - loss: 1.2260 - acc: 0.5707
 61/117 [==============>...............] - ETA: 2s - loss: 1.2227 - acc: 0.5726
 63/117 [===============>..............] - ETA: 2s - loss: 1.2143 - acc: 0.5783
 64/117 [===============>..............] - ETA: 2s - loss: 1.2167 - acc: 0.5800
 66/117 [===============>..............] - ETA: 2s - loss: 1.2188 - acc: 0.5775
 68/117 [================>.............] - ETA: 2s - loss: 1.2133 - acc: 0.5780
 69/117 [================>.............] - ETA: 2s - loss: 1.2213 - acc: 0.5760
 71/117 [=================>............] - ETA: 2s - loss: 1.2292 - acc: 0.5694
 73/117 [=================>............] - ETA: 2s - loss: 1.2243 - acc: 0.5718
 75/117 [==================>...........] - ETA: 1s - loss: 1.2200 - acc: 0.5741
 76/117 [==================>...........] - ETA: 1s - loss: 1.2154 - acc: 0.5780
 78/117 [===================>..........] - ETA: 1s - loss: 1.2144 - acc: 0.5800
 80/117 [===================>..........] - ETA: 1s - loss: 1.2188 - acc: 0.5765
 81/117 [===================>..........] - ETA: 1s - loss: 1.2193 - acc: 0.5778
 83/117 [====================>.........] - ETA: 1s - loss: 1.2177 - acc: 0.5767
 85/117 [====================>.........] - ETA: 1s - loss: 1.2205 - acc: 0.5727
 86/117 [=====================>........] - ETA: 1s - loss: 1.2221 - acc: 0.5726
 87/117 [=====================>........] - ETA: 1s - loss: 1.2236 - acc: 0.5718
 89/117 [=====================>........] - ETA: 1s - loss: 1.2256 - acc: 0.5730
 91/117 [======================>.......] - ETA: 1s - loss: 1.2248 - acc: 0.5762
 93/117 [======================>.......] - ETA: 1s - loss: 1.2270 - acc: 0.5745
 94/117 [=======================>......] - ETA: 1s - loss: 1.2243 - acc: 0.5757
 95/117 [=======================>......] - ETA: 1s - loss: 1.2244 - acc: 0.5756
 96/117 [=======================>......] - ETA: 0s - loss: 1.2275 - acc: 0.5754
 98/117 [========================>.....] - ETA: 0s - loss: 1.2341 - acc: 0.5714
100/117 [========================>.....] - ETA: 0s - loss: 1.2314 - acc: 0.5737
102/117 [=========================>....] - ETA: 0s - loss: 1.2282 - acc: 0.5759
104/117 [=========================>....] - ETA: 0s - loss: 1.2284 - acc: 0.5757
106/117 [==========================>...] - ETA: 0s - loss: 1.2311 - acc: 0.5736
108/117 [==========================>...] - ETA: 0s - loss: 1.2288 - acc: 0.5740
110/117 [===========================>..] - ETA: 0s - loss: 1.2328 - acc: 0.5732
112/117 [===========================>..] - ETA: 0s - loss: 1.2272 - acc: 0.5758
114/117 [============================>.] - ETA: 0s - loss: 1.2310 - acc: 0.5745
116/117 [============================>.] - ETA: 0s - loss: 1.2325 - acc: 0.5732
117/117 [==============================] - 8s 67ms/step - loss: 1.2317 - acc: 0.5747 - val_loss: 1.3051 - val_acc: 0.5626
Epoch 9/50

  1/117 [..............................] - ETA: 1s - loss: 0.9628 - acc: 0.6250
 10/117 [=>............................] - ETA: 0s - loss: 1.2561 - acc: 0.5507
 13/117 [==>...........................] - ETA: 1s - loss: 1.2066 - acc: 0.5871
 14/117 [==>...........................] - ETA: 1s - loss: 1.1879 - acc: 0.5898
 15/117 [==>...........................] - ETA: 2s - loss: 1.1802 - acc: 0.5963
 16/117 [===>..........................] - ETA: 2s - loss: 1.1720 - acc: 0.6020
 17/117 [===>..........................] - ETA: 3s - loss: 1.1520 - acc: 0.6107
 18/117 [===>..........................] - ETA: 3s - loss: 1.1541 - acc: 0.6080
 19/117 [===>..........................] - ETA: 3s - loss: 1.1524 - acc: 0.6056
 20/117 [====>.........................] - ETA: 3s - loss: 1.1614 - acc: 0.6035
 21/117 [====>.........................] - ETA: 3s - loss: 1.1571 - acc: 0.5985
 22/117 [====>.........................] - ETA: 3s - loss: 1.1518 - acc: 0.6026
 23/117 [====>.........................] - ETA: 4s - loss: 1.1450 - acc: 0.5981
 24/117 [=====>........................] - ETA: 4s - loss: 1.1531 - acc: 0.5992
 25/117 [=====>........................] - ETA: 4s - loss: 1.1581 - acc: 0.5978
 26/117 [=====>........................] - ETA: 4s - loss: 1.1771 - acc: 0.5916
 27/117 [=====>........................] - ETA: 4s - loss: 1.1659 - acc: 0.5998
 28/117 [======>.......................] - ETA: 4s - loss: 1.1636 - acc: 0.6029
 29/117 [======>.......................] - ETA: 4s - loss: 1.1675 - acc: 0.6037
 30/117 [======>.......................] - ETA: 4s - loss: 1.1726 - acc: 0.5981
 31/117 [======>.......................] - ETA: 4s - loss: 1.1667 - acc: 0.6010
 32/117 [=======>......................] - ETA: 4s - loss: 1.1648 - acc: 0.6096
 33/117 [=======>......................] - ETA: 4s - loss: 1.1598 - acc: 0.6120
 35/117 [=======>......................] - ETA: 4s - loss: 1.1703 - acc: 0.6073
 36/117 [========>.....................] - ETA: 4s - loss: 1.1688 - acc: 0.6061
 37/117 [========>.....................] - ETA: 4s - loss: 1.1584 - acc: 0.6100
 38/117 [========>.....................] - ETA: 4s - loss: 1.1617 - acc: 0.6104
 39/117 [=========>....................] - ETA: 4s - loss: 1.1560 - acc: 0.6124
 40/117 [=========>....................] - ETA: 4s - loss: 1.1534 - acc: 0.6111
 41/117 [=========>....................] - ETA: 4s - loss: 1.1618 - acc: 0.6054
 42/117 [=========>....................] - ETA: 4s - loss: 1.1548 - acc: 0.6088
 43/117 [==========>...................] - ETA: 4s - loss: 1.1573 - acc: 0.6092
 44/117 [==========>...................] - ETA: 4s - loss: 1.1522 - acc: 0.6138
 45/117 [==========>...................] - ETA: 4s - loss: 1.1532 - acc: 0.6154
 47/117 [===========>..................] - ETA: 3s - loss: 1.1570 - acc: 0.6158
 49/117 [===========>..................] - ETA: 3s - loss: 1.1596 - acc: 0.6149
 50/117 [===========>..................] - ETA: 3s - loss: 1.1557 - acc: 0.6164
 51/117 [============>.................] - ETA: 3s - loss: 1.1564 - acc: 0.6166
 53/117 [============>.................] - ETA: 3s - loss: 1.1638 - acc: 0.6110
 55/117 [=============>................] - ETA: 3s - loss: 1.1682 - acc: 0.6081
 56/117 [=============>................] - ETA: 3s - loss: 1.1676 - acc: 0.6073
 57/117 [=============>................] - ETA: 3s - loss: 1.1672 - acc: 0.6076
 58/117 [=============>................] - ETA: 3s - loss: 1.1697 - acc: 0.6068
 60/117 [==============>...............] - ETA: 3s - loss: 1.1709 - acc: 0.6053
 61/117 [==============>...............] - ETA: 3s - loss: 1.1777 - acc: 0.6015
 63/117 [===============>..............] - ETA: 2s - loss: 1.1756 - acc: 0.6013
 64/117 [===============>..............] - ETA: 2s - loss: 1.1729 - acc: 0.6046